Results of standard linter (version 15.0.1)
See documentation on https://megalinter.github.io/descriptors/typescript_standard/
-----------------------------------------------

❌ [ERROR] for workspace /github/workspace
Linter raw log:
standard: Use JavaScript Standard Style (https://standardjs.com)
  /github/workspace/src/app/app.component.spec.ts:4:1: 'describe' is not defined.
  /github/workspace/src/app/app.component.spec.ts:5:3: 'beforeEach' is not defined.
  /github/workspace/src/app/app.component.spec.ts:13:3: 'it' is not defined.
  /github/workspace/src/app/app.component.spec.ts:16:5: 'expect' is not defined.
  /github/workspace/src/app/app.component.spec.ts:19:3: 'it' is not defined.
  /github/workspace/src/app/app.component.spec.ts:22:5: 'expect' is not defined.
  /github/workspace/src/app/app.component.spec.ts:25:3: 'it' is not defined.
  /github/workspace/src/app/app.component.spec.ts:28:47: 'HTMLElement' is not defined.
  /github/workspace/src/app/app.component.spec.ts:29:5: 'expect' is not defined.
  /github/workspace/src/app/app.component.ts:9:3: Useless constructor.
  /github/workspace/src/app/brp-data.service.spec.ts:5:1: 'describe' is not defined.
  /github/workspace/src/app/brp-data.service.spec.ts:8:3: 'beforeEach' is not defined.
  /github/workspace/src/app/brp-data.service.spec.ts:13:3: 'it' is not defined.
  /github/workspace/src/app/brp-data.service.spec.ts:14:5: 'expect' is not defined.
  /github/workspace/src/app/brp-data.service.ts:7:3: Useless constructor.
  /github/workspace/src/app/character-sheet/basic-roleplaying-system/armor/armor.component.spec.ts:5:1: 'describe' is not defined.
  /github/workspace/src/app/character-sheet/basic-roleplaying-system/armor/armor.component.spec.ts:9:3: 'beforeEach' is not defined.
  /github/workspace/src/app/character-sheet/basic-roleplaying-system/armor/armor.component.spec.ts:16:3: 'beforeEach' is not defined.
  /github/workspace/src/app/character-sheet/basic-roleplaying-system/armor/armor.component.spec.ts:22:3: 'it' is not defined.
  /github/workspace/src/app/character-sheet/basic-roleplaying-system/armor/armor.component.spec.ts:23:5: 'expect' is not defined.
  /github/workspace/src/app/character-sheet/basic-roleplaying-system/armor/armor.component.ts:9:3: Useless constructor.
  /github/workspace/src/app/character-sheet/basic-roleplaying-system/basic-roleplaying-system.component.spec.ts:5:1: 'describe' is not defined.
  /github/workspace/src/app/character-sheet/basic-roleplaying-system/basic-roleplaying-system.component.spec.ts:9:3: 'beforeEach' is not defined.
  /github/workspace/src/app/character-sheet/basic-roleplaying-system/basic-roleplaying-system.component.spec.ts:16:3: 'beforeEach' is not defined.
  /github/workspace/src/app/character-sheet/basic-roleplaying-system/basic-roleplaying-system.component.spec.ts:22:3: 'it' is not defined.
  /github/workspace/src/app/character-sheet/basic-roleplaying-system/basic-roleplaying-system.component.spec.ts:23:5: 'expect' is not defined.
  /github/workspace/src/app/character-sheet/basic-roleplaying-system/basic-roleplaying-system.component.ts:13:1: Unexpected tab character.
  /github/workspace/src/app/character-sheet/basic-roleplaying-system/basic-roleplaying-system.component.ts:14:1: Unexpected tab character.
  /github/workspace/src/app/character-sheet/basic-roleplaying-system/basic-roleplaying-system.component.ts:16:1: Unexpected tab character.
  /github/workspace/src/app/character-sheet/basic-roleplaying-system/basic-roleplaying-system.component.ts:18:1: Unexpected tab character.
  /github/workspace/src/app/character-sheet/basic-roleplaying-system/basic-roleplaying-system.component.ts:20:1: Unexpected tab character.
  /github/workspace/src/app/character-sheet/basic-roleplaying-system/basic-roleplaying-system.component.ts:20:2: Useless constructor.
  /github/workspace/src/app/character-sheet/basic-roleplaying-system/basic-roleplaying-system.component.ts:21:1: Unexpected tab character.
  /github/workspace/src/app/character-sheet/basic-roleplaying-system/basic-roleplaying-system.component.ts:22:1: Unexpected tab character.
  /github/workspace/src/app/character-sheet/basic-roleplaying-system/basic-roleplaying-system.component.ts:23:1: Unexpected tab character.
  /github/workspace/src/app/character-sheet/basic-roleplaying-system/basic-roleplaying-system.component.ts:24:1: Unexpected tab character.
  /github/workspace/src/app/character-sheet/basic-roleplaying-system/basic-roleplaying-system.component.ts:25:1: Unexpected tab character.
  /github/workspace/src/app/character-sheet/basic-roleplaying-system/basic-roleplaying-system.component.ts:27:1: Unexpected tab character.
  /github/workspace/src/app/character-sheet/basic-roleplaying-system/basic-roleplaying-system.component.ts:28:1: Unexpected tab character.
  /github/workspace/src/app/character-sheet/basic-roleplaying-system/basic-roleplaying-system.component.ts:28:1: Mixed spaces and tabs.
  /github/workspace/src/app/character-sheet/basic-roleplaying-system/basic-roleplaying-system.component.ts:29:1: Unexpected tab character.
  /github/workspace/src/app/character-sheet/basic-roleplaying-system/basic-roleplaying-system.component.ts:31:1: Unexpected tab character.
  /github/workspace/src/app/character-sheet/basic-roleplaying-system/basic-roleplaying-system.component.ts:32:1: Unexpected tab character.
  /github/workspace/src/app/character-sheet/basic-roleplaying-system/basic-roleplaying-system.component.ts:32:1: Mixed spaces and tabs.
  /github/workspace/src/app/character-sheet/basic-roleplaying-system/basic-roleplaying-system.component.ts:33:1: Unexpected tab character.
  /github/workspace/src/app/character-sheet/basic-roleplaying-system/characteristics/characteristics.component.spec.ts:5:1: 'describe' is not defined.
  /github/workspace/src/app/character-sheet/basic-roleplaying-system/characteristics/characteristics.component.spec.ts:9:3: 'beforeEach' is not defined.
  /github/workspace/src/app/character-sheet/basic-roleplaying-system/characteristics/characteristics.component.spec.ts:16:3: 'beforeEach' is not defined.
  /github/workspace/src/app/character-sheet/basic-roleplaying-system/characteristics/characteristics.component.spec.ts:22:3: 'it' is not defined.
  /github/workspace/src/app/character-sheet/basic-roleplaying-system/characteristics/characteristics.component.spec.ts:23:5: 'expect' is not defined.
  /github/workspace/src/app/character-sheet/basic-roleplaying-system/characteristics/characteristics.component.ts:9:3: Useless constructor.
  /github/workspace/src/app/character-sheet/basic-roleplaying-system/derived-characteristics/derived-characteristics.component.spec.ts:5:1: 'describe' is not defined.
  /github/workspace/src/app/character-sheet/basic-roleplaying-system/derived-characteristics/derived-characteristics.component.spec.ts:9:3: 'beforeEach' is not defined.
  /github/workspace/src/app/character-sheet/basic-roleplaying-system/derived-characteristics/derived-characteristics.component.spec.ts:16:3: 'beforeEach' is not defined.
  /github/workspace/src/app/character-sheet/basic-roleplaying-system/derived-characteristics/derived-characteristics.component.spec.ts:22:3: 'it' is not defined.
  /github/workspace/src/app/character-sheet/basic-roleplaying-system/derived-characteristics/derived-characteristics.component.spec.ts:23:5: 'expect' is not defined.
  /github/workspace/src/app/character-sheet/basic-roleplaying-system/derived-characteristics/derived-characteristics.component.ts:9:3: Useless constructor.
  /github/workspace/src/app/character-sheet/basic-roleplaying-system/equipment/equipment.component.spec.ts:5:1: 'describe' is not defined.
  /github/workspace/src/app/character-sheet/basic-roleplaying-system/equipment/equipment.component.spec.ts:9:3: 'beforeEach' is not defined.
  /github/workspace/src/app/character-sheet/basic-roleplaying-system/equipment/equipment.component.spec.ts:16:3: 'beforeEach' is not defined.
  /github/workspace/src/app/character-sheet/basic-roleplaying-system/equipment/equipment.component.spec.ts:22:3: 'it' is not defined.
  /github/workspace/src/app/character-sheet/basic-roleplaying-system/equipment/equipment.component.spec.ts:23:5: 'expect' is not defined.
  /github/workspace/src/app/character-sheet/basic-roleplaying-system/equipment/equipment.component.ts:9:3: Useless constructor.
  /github/workspace/src/app/character-sheet/basic-roleplaying-system/identity/identity.component.spec.ts:5:1: 'describe' is not defined.
  /github/workspace/src/app/character-sheet/basic-roleplaying-system/identity/identity.component.spec.ts:9:3: 'beforeEach' is not defined.
  /github/workspace/src/app/character-sheet/basic-roleplaying-system/identity/identity.component.spec.ts:16:3: 'beforeEach' is not defined.
  /github/workspace/src/app/character-sheet/basic-roleplaying-system/identity/identity.component.spec.ts:22:3: 'it' is not defined.
  /github/workspace/src/app/character-sheet/basic-roleplaying-system/identity/identity.component.spec.ts:23:5: 'expect' is not defined.
  /github/workspace/src/app/character-sheet/basic-roleplaying-system/identity/identity.component.ts:9:3: Useless constructor.
  /github/workspace/src/app/character-sheet/basic-roleplaying-system/skills/skills.component.spec.ts:5:1: 'describe' is not defined.
  /github/workspace/src/app/character-sheet/basic-roleplaying-system/skills/skills.component.spec.ts:9:3: 'beforeEach' is not defined.
  /github/workspace/src/app/character-sheet/basic-roleplaying-system/skills/skills.component.spec.ts:16:3: 'beforeEach' is not defined.
  /github/workspace/src/app/character-sheet/basic-roleplaying-system/skills/skills.component.spec.ts:22:3: 'it' is not defined.
  /github/workspace/src/app/character-sheet/basic-roleplaying-system/skills/skills.component.spec.ts:23:5: 'expect' is not defined.
  /github/workspace/src/app/character-sheet/basic-roleplaying-system/skills/skills.component.ts:9:3: Useless constructor.
  /github/workspace/src/app/character-sheet/basic-roleplaying-system/weapons-shields/weapons-shields.component.spec.ts:5:1: 'describe' is not defined.
  /github/workspace/src/app/character-sheet/basic-roleplaying-system/weapons-shields/weapons-shields.component.spec.ts:9:3: 'beforeEach' is not defined.
  /github/workspace/src/app/character-sheet/basic-roleplaying-system/weapons-shields/weapons-shields.component.spec.ts:16:3: 'beforeEach' is not defined.
  /github/workspace/src/app/character-sheet/basic-roleplaying-system/weapons-shields/weapons-shields.component.spec.ts:22:3: 'it' is not defined.
  /github/workspace/src/app/character-sheet/basic-roleplaying-system/weapons-shields/weapons-shields.component.spec.ts:23:5: 'expect' is not defined.
  /github/workspace/src/app/character-sheet/basic-roleplaying-system/weapons-shields/weapons-shields.component.ts:9:3: Useless constructor.
  /github/workspace/src/app/character-sheet/character-sheet.component.spec.ts:5:1: 'describe' is not defined.
  /github/workspace/src/app/character-sheet/character-sheet.component.spec.ts:9:3: 'beforeEach' is not defined.
  /github/workspace/src/app/character-sheet/character-sheet.component.spec.ts:16:3: 'beforeEach' is not defined.
  /github/workspace/src/app/character-sheet/character-sheet.component.spec.ts:22:3: 'it' is not defined.
  /github/workspace/src/app/character-sheet/character-sheet.component.spec.ts:23:5: 'expect' is not defined.
  /github/workspace/src/app/character-sheet/character-sheet.component.ts:9:3: Useless constructor.
  /github/workspace/src/app/mainnav/mainnav.component.spec.ts:5:1: 'describe' is not defined.
  /github/workspace/src/app/mainnav/mainnav.component.spec.ts:9:3: 'beforeEach' is not defined.
  /github/workspace/src/app/mainnav/mainnav.component.spec.ts:16:3: 'beforeEach' is not defined.
  /github/workspace/src/app/mainnav/mainnav.component.spec.ts:22:3: 'it' is not defined.
  /github/workspace/src/app/mainnav/mainnav.component.spec.ts:23:5: 'expect' is not defined.
  /github/workspace/src/app/mainnav/mainnav.component.ts:2:10: 'NavigationService' is defined but never used.
  /github/workspace/src/app/mainnav/mainnav.component.ts:11:1: Unexpected tab character.
  /github/workspace/src/app/mainnav/mainnav.component.ts:13:1: Unexpected tab character.
  /github/workspace/src/app/mainnav/mainnav.component.ts:13:2: Useless constructor.
  /github/workspace/src/app/mainnav/mainnav.component.ts:15:1: Unexpected tab character.
  /github/workspace/src/app/mainnav/mainnav.component.ts:17:1: Unexpected tab character.
  /github/workspace/src/app/rpg-selection/rpg-selection.component.spec.ts:5:1: 'describe' is not defined.
  /github/workspace/src/app/rpg-selection/rpg-selection.component.spec.ts:9:3: 'beforeEach' is not defined.
  /github/workspace/src/app/rpg-selection/rpg-selection.component.spec.ts:16:3: 'beforeEach' is not defined.
  /github/workspace/src/app/rpg-selection/rpg-selection.component.spec.ts:22:3: 'it' is not defined.
  /github/workspace/src/app/rpg-selection/rpg-selection.component.spec.ts:23:5: 'expect' is not defined.
  /github/workspace/src/app/rpg-selection/rpg-selection.component.ts:10:1: Unexpected tab character.
  /github/workspace/src/app/rpg-selection/rpg-selection.component.ts:11:1: Unexpected tab character.
  /github/workspace/src/app/rpg-selection/rpg-selection.component.ts:11:2: Useless constructor.
  /github/workspace/src/app/rpg-selection/rpg-selection.component.ts:13:1: Unexpected tab character.
  /github/workspace/src/app/rpg-selection/rpg-selection.component.ts:14:1: Unexpected tab character.
  /github/workspace/src/app/rpg-selection/rpg-selection.component.ts:14:1: Mixed spaces and tabs.
  /github/workspace/src/app/rpg-selection/rpg-selection.component.ts:15:1: Unexpected tab character.
  /github/workspace/src/app/rpg-selection/rpg-selection.component.ts:17:1: Unexpected tab character.
  /github/workspace/src/app/rpg-selection/rpg-selection.component.ts:18:1: Unexpected tab character.
  /github/workspace/src/app/rpg-selection/rpg-selection.component.ts:18:1: Mixed spaces and tabs.
  /github/workspace/src/app/rpg-selection/rpg-selection.component.ts:19:1: Unexpected tab character.
  /github/workspace/src/app/rpg-selection/rpg-selection.component.ts:19:1: Mixed spaces and tabs.
  /github/workspace/src/app/rpg-selection/rpg-selection.component.ts:20:1: Unexpected tab character.
  /github/workspace/src/app/rpg-selection/rpg-selection.component.ts:20:1: Mixed spaces and tabs.
  /github/workspace/src/app/rpg-selection/rpg-selection.component.ts:21:1: Unexpected tab character.
  /github/workspace/src/app/rpg-selection/rpg-selection.component.ts:21:1: Mixed spaces and tabs.
  /github/workspace/src/app/rpg-selection/rpg-selection.component.ts:22:1: Unexpected tab character.
  /github/workspace/src/app/services/data.service.spec.ts:5:1: 'describe' is not defined.
  /github/workspace/src/app/services/data.service.spec.ts:8:3: 'beforeEach' is not defined.
  /github/workspace/src/app/services/data.service.spec.ts:13:3: 'it' is not defined.
  /github/workspace/src/app/services/data.service.spec.ts:14:5: 'expect' is not defined.
  /github/workspace/src/app/services/data.service.ts:9:3: Useless constructor.
  /github/workspace/src/app/services/data.service.ts:22:6: Unexpected tab character.
  /github/workspace/src/app/services/data.service.ts:23:6: Unexpected tab character.
  /github/workspace/src/app/services/data.service.ts:24:6: Unexpected tab character.
  /github/workspace/src/app/services/data.service.ts:25:6: Unexpected tab character.
  /github/workspace/src/app/services/data.service.ts:26:6: Unexpected tab character.
  /github/workspace/src/app/services/data.service.ts:27:6: Unexpected tab character.
  /github/workspace/src/app/services/data.service.ts:28:6: Unexpected tab character.
  /github/workspace/src/app/services/data.service.ts:29:6: Unexpected tab character.
  /github/workspace/src/app/services/data.service.ts:30:6: Unexpected tab character.
  /github/workspace/src/app/services/data.service.ts:31:6: Unexpected tab character.
  /github/workspace/src/app/services/data.service.ts:32:6: Unexpected tab character.
  /github/workspace/src/app/services/data.service.ts:33:6: Unexpected tab character.
  /github/workspace/src/app/services/data.service.ts:39:6: Unexpected tab character.
  /github/workspace/src/app/services/data.service.ts:40:6: Unexpected tab character.
  /github/workspace/src/app/services/data.service.ts:42:6: Unexpected tab character.
  /github/workspace/src/app/services/data.service.ts:43:6: Unexpected tab character.
  /github/workspace/src/app/services/data.service.ts:44:6: Unexpected tab character.
  /github/workspace/src/app/services/data.service.ts:50:6: Unexpected tab character.
  /github/workspace/src/app/services/data.service.ts:51:6: Unexpected tab character.
  /github/workspace/src/app/services/data.service.ts:53:6: Unexpected tab character.
  /github/workspace/src/app/services/data.service.ts:54:6: Unexpected tab character.
  /github/workspace/src/app/services/data.service.ts:55:6: Unexpected tab character.
  /github/workspace/src/app/services/data.service.ts:56:6: Unexpected tab character.
  /github/workspace/src/app/services/data.service.ts:57:6: Unexpected tab character.
  /github/workspace/src/app/services/data.service.ts:58:6: Unexpected tab character.
  /github/workspace/src/app/services/data.service.ts:59:6: Unexpected tab character.
  /github/workspace/src/app/services/data.service.ts:60:6: Unexpected tab character.
  /github/workspace/src/app/services/data.service.ts:65:6: Unexpected tab character.
  /github/workspace/src/app/services/data.service.ts:66:6: Unexpected tab character.
  /github/workspace/src/app/services/data.service.ts:67:6: Unexpected tab character.
  /github/workspace/src/app/services/data.service.ts:68:6: Unexpected tab character.
  /github/workspace/src/app/services/data.service.ts:69:6: Unexpected tab character.
  /github/workspace/src/app/services/data.service.ts:71:6: Unexpected tab character.
  /github/workspace/src/app/services/data.service.ts:72:6: Unexpected tab character.
  /github/workspace/src/app/services/data.service.ts:73:6: Unexpected tab character.
  /github/workspace/src/app/services/data.service.ts:74:6: Unexpected tab character.
  /github/workspace/src/app/services/data.service.ts:75:6: Unexpected tab character.
  /github/workspace/src/app/services/data.service.ts:80:6: Unexpected tab character.
  /github/workspace/src/app/services/data.service.ts:81:6: Unexpected tab character.
  /github/workspace/src/app/services/data.service.ts:82:6: Unexpected tab character.
  /github/workspace/src/app/services/data.service.ts:83:6: Unexpected tab character.
  /github/workspace/src/app/services/data.service.ts:84:6: Unexpected tab character.
  /github/workspace/src/app/services/data.service.ts:85:6: Unexpected tab character.
  /github/workspace/src/app/services/data.service.ts:86:6: Unexpected tab character.
  /github/workspace/src/app/services/navigation.service.spec.ts:5:1: 'describe' is not defined.
  /github/workspace/src/app/services/navigation.service.spec.ts:8:3: 'beforeEach' is not defined.
  /github/workspace/src/app/services/navigation.service.spec.ts:13:3: 'it' is not defined.
  /github/workspace/src/app/services/navigation.service.spec.ts:14:5: 'expect' is not defined.
  /github/workspace/src/app/services/navigation.service.ts:8:3: Useless constructor.
  /github/workspace/src/app/side-nav-content/side-nav-content.component.spec.ts:5:1: 'describe' is not defined.
  /github/workspace/src/app/side-nav-content/side-nav-content.component.spec.ts:9:3: 'beforeEach' is not defined.
  /github/workspace/src/app/side-nav-content/side-nav-content.component.spec.ts:16:3: 'beforeEach' is not defined.
  /github/workspace/src/app/side-nav-content/side-nav-content.component.spec.ts:22:3: 'it' is not defined.
  /github/workspace/src/app/side-nav-content/side-nav-content.component.spec.ts:23:5: 'expect' is not defined.
  /github/workspace/src/app/side-nav-content/side-nav-content.component.ts:2:10: 'ActivatedRoute' is defined but never used.
  /github/workspace/src/app/side-nav-content/side-nav-content.component.ts:2:26: 'Router' is defined but never used.
  /github/workspace/src/app/side-nav-content/side-nav-content.component.ts:4:10: 'Subscription' is defined but never used.
  /github/workspace/src/app/side-nav-content/side-nav-content.component.ts:14:1: Unexpected tab character.
  /github/workspace/src/app/side-nav-content/side-nav-content.component.ts:15:1: Unexpected tab character.
  /github/workspace/src/app/side-nav-content/side-nav-content.component.ts:17:1: Unexpected tab character.
  /github/workspace/src/app/side-nav-content/side-nav-content.component.ts:19:1: Unexpected tab character.
  /github/workspace/src/app/side-nav-content/side-nav-content.component.ts:19:2: Useless constructor.
  /github/workspace/src/app/side-nav-content/side-nav-content.component.ts:21:1: Unexpected tab character.
  /github/workspace/src/app/side-nav-content/side-nav-content.component.ts:23:1: Unexpected tab character.
  /github/workspace/src/app/side-nav-content/side-nav-content.component.ts:25:1: Unexpected tab character.
  /github/workspace/src/app/side-nav-content/side-nav-content.component.ts:26:1: Unexpected tab character.
  /github/workspace/src/app/side-nav-content/side-nav-content.component.ts:26:1: Mixed spaces and tabs.
  /github/workspace/src/app/side-nav-content/side-nav-content.component.ts:27:1: Unexpected tab character.
  /github/workspace/src/app/types/testing.ts:2:1: Unexpected tab character.
  /github/workspace/src/app/types/testing.ts:3:1: Unexpected tab character.

