Results of jsonlint linter (version 1.6.3)
See documentation on https://megalinter.github.io/descriptors/json_jsonlint/
-----------------------------------------------

✅ [SUCCESS] .angulardoc.json
✅ [SUCCESS] .cspell.json
✅ [SUCCESS] .eslintrc.json
✅ [SUCCESS] .jscpd.json
✅ [SUCCESS] .vscode/settings.json
✅ [SUCCESS] angular.json
✅ [SUCCESS] firebase-rtdb-backup.json
✅ [SUCCESS] firebase.json
✅ [SUCCESS] package-lock.json
✅ [SUCCESS] package.json
❌ [ERROR] tsconfig.app.json
    Error: Parse error on line 1:
    /* To learn more abo
    ^
    Expecting 'STRING', 'NUMBER', 'NULL', 'TRUE', 'FALSE', '{', '[', got 'undefined'
        at Object.parseError (/node_modules/jsonlint/lib/jsonlint.js:55:11)
        at Object.parse (/node_modules/jsonlint/lib/jsonlint.js:132:22)
        at parse (/node_modules/jsonlint/lib/cli.js:82:14)
        at main (/node_modules/jsonlint/lib/cli.js:135:14)
        at Object.<anonymous> (/node_modules/jsonlint/lib/cli.js:179:1)
        at Module._compile (internal/modules/cjs/loader.js:1085:14)
        at Object.Module._extensions..js (internal/modules/cjs/loader.js:1114:10)
        at Module.load (internal/modules/cjs/loader.js:950:32)
        at Function.Module._load (internal/modules/cjs/loader.js:790:12)
        at Function.executeUserEntryPoint [as runMain] (internal/modules/run_main.js:75:12)

❌ [ERROR] tsconfig.json
    Error: Parse error on line 1:
    /* To learn more abo
    ^
    Expecting 'STRING', 'NUMBER', 'NULL', 'TRUE', 'FALSE', '{', '[', got 'undefined'
        at Object.parseError (/node_modules/jsonlint/lib/jsonlint.js:55:11)
        at Object.parse (/node_modules/jsonlint/lib/jsonlint.js:132:22)
        at parse (/node_modules/jsonlint/lib/cli.js:82:14)
        at main (/node_modules/jsonlint/lib/cli.js:135:14)
        at Object.<anonymous> (/node_modules/jsonlint/lib/cli.js:179:1)
        at Module._compile (internal/modules/cjs/loader.js:1085:14)
        at Object.Module._extensions..js (internal/modules/cjs/loader.js:1114:10)
        at Module.load (internal/modules/cjs/loader.js:950:32)
        at Function.Module._load (internal/modules/cjs/loader.js:790:12)
        at Function.executeUserEntryPoint [as runMain] (internal/modules/run_main.js:75:12)

❌ [ERROR] tsconfig.spec.json
    Error: Parse error on line 1:
    /* To learn more abo
    ^
    Expecting 'STRING', 'NUMBER', 'NULL', 'TRUE', 'FALSE', '{', '[', got 'undefined'
        at Object.parseError (/node_modules/jsonlint/lib/jsonlint.js:55:11)
        at Object.parse (/node_modules/jsonlint/lib/jsonlint.js:132:22)
        at parse (/node_modules/jsonlint/lib/cli.js:82:14)
        at main (/node_modules/jsonlint/lib/cli.js:135:14)
        at Object.<anonymous> (/node_modules/jsonlint/lib/cli.js:179:1)
        at Module._compile (internal/modules/cjs/loader.js:1085:14)
        at Object.Module._extensions..js (internal/modules/cjs/loader.js:1114:10)
        at Module.load (internal/modules/cjs/loader.js:950:32)
        at Function.Module._load (internal/modules/cjs/loader.js:790:12)
        at Function.executeUserEntryPoint [as runMain] (internal/modules/run_main.js:75:12)

