Results of scss-lint linter (version 0.59.0)
See documentation on https://megalinter.github.io/descriptors/css_scss_lint/
-----------------------------------------------

✅ [SUCCESS] src/app/app.component.scss
✅ [SUCCESS] src/app/character-sheet/basic-roleplaying-system/armor/armor.component.scss
✅ [SUCCESS] src/app/character-sheet/basic-roleplaying-system/basic-roleplaying-system.component.scss
✅ [SUCCESS] src/app/character-sheet/basic-roleplaying-system/characteristics/characteristics.component.scss
✅ [SUCCESS] src/app/character-sheet/basic-roleplaying-system/derived-characteristics/derived-characteristics.component.scss
✅ [SUCCESS] src/app/character-sheet/basic-roleplaying-system/equipment/equipment.component.scss
✅ [SUCCESS] src/app/character-sheet/basic-roleplaying-system/identity/identity.component.scss
✅ [SUCCESS] src/app/character-sheet/basic-roleplaying-system/skills/skills.component.scss
✅ [SUCCESS] src/app/character-sheet/basic-roleplaying-system/weapons-shields/weapons-shields.component.scss
✅ [SUCCESS] src/app/character-sheet/character-sheet.component.scss
❌ [ERROR] src/app/mainnav/mainnav.component.scss
    src/app/mainnav/mainnav.component.scss:1:2 [W] NameFormat: Name of variable `bgColor` should be written in all lowercase letters with hyphens instead of underscores
    src/app/mainnav/mainnav.component.scss:34:15 [W] NameFormat: Name of variable `bgColor` should be written in all lowercase letters with hyphens instead of underscores
    src/app/mainnav/mainnav.component.scss:39:1 [W] IdSelector: Avoid using id selectors
    src/app/mainnav/mainnav.component.scss:39:1 [W] SelectorFormat: Selector `ssVer` should be written in lowercase with hyphens

✅ [SUCCESS] src/app/rpg-selection/rpg-selection.component.scss
✅ [SUCCESS] src/app/side-nav-content/side-nav-content.component.scss
❌ [ERROR] src/styles.scss
    src/styles.scss:1:9 [W] StringQuotes: Prefer single quoted strings

