Results of editorconfig-checker linter (version 2.3.5)
See documentation on https://megalinter.github.io/descriptors/editorconfig_editorconfig_checker/
-----------------------------------------------

❌ [ERROR] for workspace /github/workspace
Linter raw log:
[33;1m.firebaserc:[33;0m
[31;1m	Wrong line endings or new final newline[33;0m
[33;1m.gitignore:[33;0m
[31;1m	Wrong line endings or new final newline[33;0m
[33;1mkarma.conf.js:[33;0m
[31;1m	5: Wrong amount of left-padding spaces(want multiple of 2)[33;0m
[31;1m	6: Wrong amount of left-padding spaces(want multiple of 2)[33;0m
[31;1m	7: Wrong amount of left-padding spaces(want multiple of 2)[33;0m
[31;1m	8: Wrong amount of left-padding spaces(want multiple of 2)[33;0m
[31;1m	9: Wrong amount of left-padding spaces(want multiple of 2)[33;0m
[31;1m	10: Wrong amount of left-padding spaces(want multiple of 2)[33;0m
[31;1m	11: Wrong amount of left-padding spaces(want multiple of 2)[33;0m
[31;1m	12: Wrong amount of left-padding spaces(want multiple of 2)[33;0m
[31;1m	13: Wrong amount of left-padding spaces(want multiple of 2)[33;0m

[31;1m	14: Wrong amount of left-padding spaces(want multiple of 2)[33;0m
[31;1m	15: Wrong amount of left-padding spaces(want multiple of 2)[33;0m
[31;1m	16: Wrong amount of left-padding spaces(want multiple of 2)[33;0m
[31;1m	17: Wrong amount of left-padding spaces(want multiple of 2)[33;0m
[31;1m	18: Wrong amount of left-padding spaces(want multiple of 2)[33;0m
[31;1m	19: Wrong amount of left-padding spaces(want multiple of 2)[33;0m
[31;1m	20: Wrong amount of left-padding spaces(want multiple of 2)[33;0m
[31;1m	21: Wrong amount of left-padding spaces(want multiple of 2)[33;0m
[31;1m	22: Wrong amount of left-padding spaces(want multiple of 2)[33;0m
[31;1m	23: Wrong amount of left-padding spaces(want multiple of 2)[33;0m
[31;1m	24: Wrong amount of left-padding spaces(want multiple of 2)[33;0m
[31;1m	25: Wrong amount of left-padding spaces(want multiple of 2)[33;0m
[31;1m	26: Wrong amount of left-padding spaces(want multiple of 2)[33;0m
[31;1m	27: Wrong amount of left-padding spaces(want multiple of 2)[33;0m
[31;1m	28: Wrong amount of left-padding spaces(want multiple of 2)[33;0m
[31;1m	29: Wrong amount of left-padding spaces(want multiple of 2)[33;0m
[31;1m	30: Wrong amount of left-padding spaces(want multiple of 2)[33;0m
[31;1m	31: Wrong amount of left-padding spaces(want multiple of 2)[33;0m
[31;1m	32: Wrong amount of left-padding spaces(want multiple of 2)[33;0m
[31;1m	33: Wrong amount of left-padding spaces(want multiple of 2)[33;0m
[31;1m	34: Wrong amount of left-padding spaces(want multiple of 2)[33;0m
[31;1m	35: Wrong amount of left-padding spaces(want multiple of 2)[33;0m
[31;1m	36: Wrong amount of left-padding spaces(want multiple of 2)[33;0m
[31;1m	37: Wrong amount of left-padding spaces(want multiple of 2)[33;0m
[31;1m	38: Wrong amount of left-padding spaces(want multiple of 2)[33;0m
[31;1m	39: Wrong amount of left-padding spaces(want multiple of 2)[33;0m
[31;1m	40: Wrong amount of left-padding spaces(want multiple of 2)[33;0m
[31;1m	41: Wrong amount of left-padding spaces(want multiple of 2)[33;0m
[31;1m	42: Wrong amount of left-padding spaces(want multiple of 2)[33;0m
[31;1m	43: Wrong amount of left-padding spaces(want multiple of 2)[33;0m
[33;1msrc/app/app.module.ts:[33;0m
[31;1m	3: Wrong amount of left-padding spaces(want multiple of 2)[33;0m
[31;1m	4: Wrong amount of left-padding spaces(want multiple of 2)[33;0m
[31;1m	33: Wrong amount of left-padding spaces(want multiple of 2)[33;0m
[31;1m	34: Wrong amount of left-padding spaces(want multiple of 2)[33;0m
[31;1m	35: Wrong amount of left-padding spaces(want multiple of 2)[33;0m
[31;1m	36: Wrong amount of left-padding spaces(want multiple of 2)[33;0m
[31;1m	37: Wrong amount of left-padding spaces(want multiple of 2)[33;0m
[31;1m	38: Wrong amount of left-padding spaces(want multiple of 2)[33;0m
[31;1m	39: Wrong amount of left-padding spaces(want multiple of 2)[33;0m
[31;1m	40: Wrong amount of left-padding spaces(want multiple of 2)[33;0m
[31;1m	41: Wrong amount of left-padding spaces(want multiple of 2)[33;0m
[31;1m	42: Wrong amount of left-padding spaces(want multiple of 2)[33;0m
[31;1m	43: Wrong amount of left-padding spaces(want multiple of 2)[33;0m
[31;1m	44: Wrong amount of left-padding spaces(want multiple of 2)[33;0m
[31;1m	45: Wrong amount of left-padding spaces(want multiple of 2)[33;0m
[31;1m	46: Wrong amount of left-padding spaces(want multiple of 2)[33;0m
[31;1m	47: Wrong amount of left-padding spaces(want multiple of 2)[33;0m
[31;1m	48: Wrong amount of left-padding spaces(want multiple of 2)[33;0m
[31;1m	49: Wrong amount of left-padding spaces(want multiple of 2)[33;0m
[31;1m	50: Wrong amount of left-padding spaces(want multiple of 2)[33;0m
[31;1m	51: Wrong amount of left-padding spaces(want multiple of 2)[33;0m
[31;1m	52: Wrong amount of left-padding spaces(want multiple of 2)[33;0m
[31;1m	53: Wrong amount of left-padding spaces(want multiple of 2)[33;0m
[31;1m	54: Wrong amount of left-padding spaces(want multiple of 2)[33;0m
[31;1m	55: Wrong amount of left-padding spaces(want multiple of 2)[33;0m
[31;1m	56: Wrong amount of left-padding spaces(want multiple of 2)[33;0m
[31;1m	57: Wrong amount of left-padding spaces(want multiple of 2)[33;0m
[31;1m	58: Wrong amount of left-padding spaces(want multiple of 2)[33;0m
[31;1m	59: Wrong amount of left-padding spaces(want multiple of 2)[33;0m
[31;1m	60: Wrong amount of left-padding spaces(want multiple of 2)[33;0m
[31;1m	61: Wrong amount of left-padding spaces(want multiple of 2)[33;0m
[31;1m	62: Wrong amount of left-padding spaces(want multiple of 2)[33;0m
[33;1msrc/app/character-sheet/brp/basic-roleplaying-system/basic-roleplaying-system.component.ts:[33;0m
[31;1m	13: Wrong amount of left-padding spaces(want multiple of 2)[33;0m
[31;1m	14: Wrong amount of left-padding spaces(want multiple of 2)[33;0m
[31;1m	16: Wrong amount of left-padding spaces(want multiple of 2)[33;0m
[31;1m	18: Wrong amount of left-padding spaces(want multiple of 2)[33;0m
[31;1m	20: Wrong amount of left-padding spaces(want multiple of 2)[33;0m
[31;1m	21: Wrong amount of left-padding spaces(want multiple of 2)[33;0m
[31;1m	22: Wrong amount of left-padding spaces(want multiple of 2)[33;0m
[31;1m	23: Wrong amount of left-padding spaces(want multiple of 2)[33;0m
[31;1m	24: Wrong amount of left-padding spaces(want multiple of 2)[33;0m
[31;1m	25: Wrong amount of left-padding spaces(want multiple of 2)[33;0m
[31;1m	27: Wrong amount of left-padding spaces(want multiple of 2)[33;0m
[31;1m	28: Wrong amount of left-padding spaces(want multiple of 2)[33;0m
[31;1m	29: Wrong amount of left-padding spaces(want multiple of 2)[33;0m
[31;1m	31: Wrong amount of left-padding spaces(want multiple of 2)[33;0m
[31;1m	32: Wrong amount of left-padding spaces(want multiple of 2)[33;0m
[31;1m	33: Wrong amount of left-padding spaces(want multiple of 2)[33;0m
[33;1msrc/app/mainnav/mainnav.component.ts:[33;0m
[31;1m	11: Wrong amount of left-padding spaces(want multiple of 2)[33;0m
[31;1m	13: Wrong amount of left-padding spaces(want multiple of 2)[33;0m
[31;1m	15: Wrong amount of left-padding spaces(want multiple of 2)[33;0m
[31;1m	17: Wrong amount of left-padding spaces(want multiple of 2)[33;0m
[33;1msrc/app/rpg-selection/rpg-selection.component.ts:[33;0m
[31;1m	5: Wrong amount of left-padding spaces(want multiple of 2)[33;0m
[31;1m	6: Wrong amount of left-padding spaces(want multiple of 2)[33;0m
[31;1m	7: Wrong amount of left-padding spaces(want multiple of 2)[33;0m
[31;1m	10: Wrong amount of left-padding spaces(want multiple of 2)[33;0m
[31;1m	11: Wrong amount of left-padding spaces(want multiple of 2)[33;0m
[31;1m	13: Wrong amount of left-padding spaces(want multiple of 2)[33;0m
[31;1m	14: Wrong amount of left-padding spaces(want multiple of 2)[33;0m
[31;1m	15: Wrong amount of left-padding spaces(want multiple of 2)[33;0m
[31;1m	17: Wrong amount of left-padding spaces(want multiple of 2)[33;0m
[31;1m	18: Wrong amount of left-padding spaces(want multiple of 2)[33;0m
[31;1m	19: Wrong amount of left-padding spaces(want multiple of 2)[33;0m
[31;1m	20: Wrong amount of left-padding spaces(want multiple of 2)[33;0m
[31;1m	21: Wrong amount of left-padding spaces(want multiple of 2)[33;0m
[31;1m	22: Wrong amount of left-padding spaces(want multiple of 2)[33;0m
[33;1msrc/app/side-nav-content/side-nav-content.component.ts:[33;0m
[31;1m	12: Wrong amount of left-padding spaces(want multiple of 2)[33;0m
[31;1m	13: Wrong amount of left-padding spaces(want multiple of 2)[33;0m
[31;1m	15: Wrong amount of left-padding spaces(want multiple of 2)[33;0m
[31;1m	17: Wrong amount of left-padding spaces(want multiple of 2)[33;0m
[31;1m	19: Wrong amount of left-padding spaces(want multiple of 2)[33;0m
[31;1m	21: Wrong amount of left-padding spaces(want multiple of 2)[33;0m
[31;1m	23: Wrong amount of left-padding spaces(want multiple of 2)[33;0m
[31;1m	24: Wrong amount of left-padding spaces(want multiple of 2)[33;0m
[31;1m	25: Wrong amount of left-padding spaces(want multiple of 2)[33;0m
[33;1msrc/app/types/testing.ts:[33;0m
[31;1m	2: Wrong amount of left-padding spaces(want multiple of 2)[33;0m
[31;1m	3: Wrong amount of left-padding spaces(want multiple of 2)[33;0m
[33;1msrc/environments/environment.prod.ts:[33;0m
[31;1m	2: Wrong amount of left-padding spaces(want multiple of 2)[33;0m
[31;1m	3: Wrong amount of left-padding spaces(want multiple of 2)[33;0m
[31;1m	4: Wrong amount of left-padding spaces(want multiple of 2)[33;0m
[31;1m	5: Wrong amount of left-padding spaces(want multiple of 2)[33;0m
[31;1m	6: Wrong amount of left-padding spaces(want multiple of 2)[33;0m
[31;1m	7: Wrong amount of left-padding spaces(want multiple of 2)[33;0m
[31;1m	8: Wrong amount of left-padding spaces(want multiple of 2)[33;0m
[31;1m	9: Wrong amount of left-padding spaces(want multiple of 2)[33;0m
[31;1m	10: Wrong amount of left-padding spaces(want multiple of 2)[33;0m
[31;1m	11: Wrong amount of left-padding spaces(want multiple of 2)[33;0m
[31;1m	12: Wrong amount of left-padding spaces(want multiple of 2)[33;0m
[31;1m	13: Wrong amount of left-padding spaces(want multiple of 2)[33;0m
[31;1m	14: Wrong amount of left-padding spaces(want multiple of 2)[33;0m
[31;1m	15: Wrong amount of left-padding spaces(want multiple of 2)[33;0m
[31;1m	16: Wrong amount of left-padding spaces(want multiple of 2)[33;0m
[31;1m	17: Wrong amount of left-padding spaces(want multiple of 2)[33;0m
[33;1msrc/environments/environment.ts:[33;0m
[31;1m	6: Wrong amount of left-padding spaces(want multiple of 2)[33;0m
[31;1m	7: Wrong amount of left-padding spaces(want multiple of 2)[33;0m
[31;1m	8: Wrong amount of left-padding spaces(want multiple of 2)[33;0m
[31;1m	9: Wrong amount of left-padding spaces(want multiple of 2)[33;0m
[31;1m	10: Wrong amount of left-padding spaces(want multiple of 2)[33;0m
[31;1m	11: Wrong amount of left-padding spaces(want multiple of 2)[33;0m
[31;1m	12: Wrong amount of left-padding spaces(want multiple of 2)[33;0m
[31;1m	13: Wrong amount of left-padding spaces(want multiple of 2)[33;0m
[31;1m	14: Wrong amount of left-padding spaces(want multiple of 2)[33;0m
[31;1m	15: Wrong amount of left-padding spaces(want multiple of 2)[33;0m
[31;1m	16: Wrong amount of left-padding spaces(want multiple of 2)[33;0m
[31;1m	17: Wrong amount of left-padding spaces(want multiple of 2)[33;0m
[31;1m	18: Wrong amount of left-padding spaces(want multiple of 2)[33;0m
[31;1m	19: Wrong amount of left-padding spaces(want multiple of 2)[33;0m
[31;1m	20: Wrong amount of left-padding spaces(want multiple of 2)[33;0m
[31;1m	21: Wrong amount of left-padding spaces(want multiple of 2)[33;0m
[31;1m
150 errors found[33;0m


